<?xml version="1.0" encoding="UTF-8"?>
<testng-results ignored="0" total="7" passed="7" failed="0" skipped="0">
  <reporter-output>
  </reporter-output>
  <suite started-at="2026-01-01T13:29:06 IST" name="CucumberSuite" finished-at="2026-01-01T13:29:17 IST" duration-ms="10322">
    <groups>
      <group name="cucumber">
        <method signature="AbstractTestNGCucumberTests.runScenario(io.cucumber.testng.PickleWrapper,io.cucumber.testng.FeatureWrapper)[pri:0, instance:runners.CucumberRunner@18078bef]" name="runScenario" class="io.cucumber.testng.AbstractTestNGCucumberTests"/>
      </group> <!-- cucumber -->
    </groups>
    <test started-at="2026-01-01T13:29:06 IST" name="CucumberExecution" finished-at="2026-01-01T13:29:17 IST" duration-ms="10322">
      <class name="runners.CucumberRunner">
        <test-method is-config="true" signature="setUpClass(org.testng.ITestContext)[pri:0, instance:runners.CucumberRunner@18078bef]" started-at="2026-01-01T13:29:06 IST" name="setUpClass" finished-at="2026-01-01T13:29:07 IST" duration-ms="382" status="PASS">
          <params>
            <param index="0">
              <value>
                <![CDATA[org.testng.TestRunner@7530ad9c]]>
              </value>
            </param>
          </params>
          <reporter-output>
          </reporter-output>
        </test-method> <!-- setUpClass -->
        <test-method signature="runScenario(io.cucumber.testng.PickleWrapper,io.cucumber.testng.FeatureWrapper)[pri:0, instance:runners.CucumberRunner@18078bef]" started-at="2026-01-01T13:29:07 IST" name="runScenario" description="Runs Cucumber Scenarios" data-provider="scenarios" finished-at="2026-01-01T13:29:16 IST" duration-ms="9851" status="PASS">
          <params>
            <param index="0">
              <value>
                <![CDATA["User completes checkout with valid details"]]>
              </value>
            </param>
            <param index="1">
              <value>
                <![CDATA["Checkout functionality"]]>
              </value>
            </param>
          </params>
          <reporter-output>
          </reporter-output>
        </test-method> <!-- runScenario -->
        <test-method signature="runScenario(io.cucumber.testng.PickleWrapper,io.cucumber.testng.FeatureWrapper)[pri:0, instance:runners.CucumberRunner@18078bef]" started-at="2026-01-01T13:29:07 IST" name="runScenario" description="Runs Cucumber Scenarios" data-provider="scenarios" finished-at="2026-01-01T13:29:16 IST" duration-ms="9201" status="PASS">
          <params>
            <param index="0">
              <value>
                <![CDATA["User proceeds to checkout from cart"]]>
              </value>
            </param>
            <param index="1">
              <value>
                <![CDATA["Shopping cart functionality"]]>
              </value>
            </param>
          </params>
          <reporter-output>
          </reporter-output>
        </test-method> <!-- runScenario -->
        <test-method signature="runScenario(io.cucumber.testng.PickleWrapper,io.cucumber.testng.FeatureWrapper)[pri:0, instance:runners.CucumberRunner@18078bef]" started-at="2026-01-01T13:29:07 IST" name="runScenario" description="Runs Cucumber Scenarios" data-provider="scenarios" finished-at="2026-01-01T13:29:16 IST" duration-ms="9469" status="PASS">
          <params>
            <param index="0">
              <value>
                <![CDATA["User tries to login with invalid credentials"]]>
              </value>
            </param>
            <param index="1">
              <value>
                <![CDATA["Validate Login Page functionality"]]>
              </value>
            </param>
          </params>
          <reporter-output>
          </reporter-output>
        </test-method> <!-- runScenario -->
        <test-method signature="runScenario(io.cucumber.testng.PickleWrapper,io.cucumber.testng.FeatureWrapper)[pri:0, instance:runners.CucumberRunner@18078bef]" started-at="2026-01-01T13:29:07 IST" name="runScenario" description="Runs Cucumber Scenarios" data-provider="scenarios" finished-at="2026-01-01T13:29:16 IST" duration-ms="9729" status="PASS">
          <params>
            <param index="0">
              <value>
                <![CDATA["User adds a product to the cart"]]>
              </value>
            </param>
            <param index="1">
              <value>
                <![CDATA["Shopping cart functionality"]]>
              </value>
            </param>
          </params>
          <reporter-output>
          </reporter-output>
        </test-method> <!-- runScenario -->
        <test-method signature="runScenario(io.cucumber.testng.PickleWrapper,io.cucumber.testng.FeatureWrapper)[pri:0, instance:runners.CucumberRunner@18078bef]" started-at="2026-01-01T13:29:07 IST" name="runScenario" description="Runs Cucumber Scenarios" data-provider="scenarios" finished-at="2026-01-01T13:29:16 IST" duration-ms="9748" status="PASS">
          <params>
            <param index="0">
              <value>
                <![CDATA["User adds multiple products to the cart"]]>
              </value>
            </param>
            <param index="1">
              <value>
                <![CDATA["Shopping cart functionality"]]>
              </value>
            </param>
          </params>
          <reporter-output>
          </reporter-output>
        </test-method> <!-- runScenario -->
        <test-method signature="runScenario(io.cucumber.testng.PickleWrapper,io.cucumber.testng.FeatureWrapper)[pri:0, instance:runners.CucumberRunner@18078bef]" started-at="2026-01-01T13:29:07 IST" name="runScenario" description="Runs Cucumber Scenarios" data-provider="scenarios" finished-at="2026-01-01T13:29:16 IST" duration-ms="9770" status="PASS">
          <params>
            <param index="0">
              <value>
                <![CDATA["Validate order completion page"]]>
              </value>
            </param>
            <param index="1">
              <value>
                <![CDATA["Checkout functionality"]]>
              </value>
            </param>
          </params>
          <reporter-output>
          </reporter-output>
        </test-method> <!-- runScenario -->
        <test-method signature="runScenario(io.cucumber.testng.PickleWrapper,io.cucumber.testng.FeatureWrapper)[pri:0, instance:runners.CucumberRunner@18078bef]" started-at="2026-01-01T13:29:07 IST" name="runScenario" description="Runs Cucumber Scenarios" data-provider="scenarios" finished-at="2026-01-01T13:29:16 IST" duration-ms="9429" status="PASS">
          <params>
            <param index="0">
              <value>
                <![CDATA["User logs in with valid credentials"]]>
              </value>
            </param>
            <param index="1">
              <value>
                <![CDATA["Validate Login Page functionality"]]>
              </value>
            </param>
          </params>
          <reporter-output>
          </reporter-output>
        </test-method> <!-- runScenario -->
        <test-method is-config="true" signature="tearDownClass()[pri:0, instance:runners.CucumberRunner@18078bef]" started-at="2026-01-01T13:29:16 IST" name="tearDownClass" finished-at="2026-01-01T13:29:17 IST" duration-ms="59" status="PASS">
          <reporter-output>
          </reporter-output>
        </test-method> <!-- tearDownClass -->
      </class> <!-- runners.CucumberRunner -->
    </test> <!-- CucumberExecution -->
  </suite> <!-- CucumberSuite -->
</testng-results>
