<?xml version="1.0" encoding="UTF-8"?>
<!-- Generated by org.testng.reporters.JUnitReportReporter -->
<testsuite hostname="DESKTOP-OMKICC8" failures="0" tests="7" name="runners.CucumberRunner" time="67.197" errors="0" timestamp="2026-01-01T13:29:17 IST" skipped="0">
  <testcase classname="runners.CucumberRunner" name="runScenario" time="9.851"/>
  <testcase classname="runners.CucumberRunner" name="runScenario" time="9.201"/>
  <testcase classname="runners.CucumberRunner" name="runScenario" time="9.469"/>
  <testcase classname="runners.CucumberRunner" name="runScenario" time="9.729"/>
  <testcase classname="runners.CucumberRunner" name="runScenario" time="9.748"/>
  <testcase classname="runners.CucumberRunner" name="runScenario" time="9.770"/>
  <testcase classname="runners.CucumberRunner" name="runScenario" time="9.429"/>
</testsuite> <!-- runners.CucumberRunner -->
